[2026-07-03 10:44:20] ============================================================
[2026-07-03 10:44:20] INICIANDO PREPARACIÓN DE DATOS
[2026-07-03 10:44:20] ============================================================
[2026-07-03 10:44:21] Preparación de datos completada.
[2026-07-03 10:44:21] ============================================================
[2026-07-03 10:44:21] INICIANDO ENTRENAMIENTO
[2026-07-03 10:44:21] ============================================================
[2026-07-03 10:44:38] Época 10/60 -> Loss Train: 0.4489 | Loss Val: 0.5917 || Acc Train: 81.25% | Acc Val: 71.43%
[2026-07-03 10:44:52] Época 20/60 -> Loss Train: 0.3899 | Loss Val: 0.5283 || Acc Train: 84.38% | Acc Val: 78.57%
[2026-07-03 10:45:05] Época 30/60 -> Loss Train: 0.3348 | Loss Val: 0.3778 || Acc Train: 89.06% | Acc Val: 78.57%
[2026-07-03 10:45:18] Época 40/60 -> Loss Train: 0.3259 | Loss Val: 0.3888 || Acc Train: 87.50% | Acc Val: 71.43%
[2026-07-03 10:45:31] Época 50/60 -> Loss Train: 0.3069 | Loss Val: 0.3164 || Acc Train: 89.06% | Acc Val: 78.57%
[2026-07-03 10:45:44] Época 60/60 -> Loss Train: 0.3194 | Loss Val: 0.3308 || Acc Train: 87.50% | Acc Val: 78.57%
[2026-07-03 10:45:44] Pesos guardados en modelos/pesos_entrenados.json
[2026-07-03 10:45:44] Historial guardado en resultados/historial_entrenamiento.csv
[2026-07-03 10:45:44] Entrenamiento completado.
[2026-07-03 10:45:44] ============================================================
[2026-07-03 10:45:44] INICIANDO EVALUACIÓN
[2026-07-03 10:45:44] ============================================================
[2026-07-03 10:45:44] Pesos cargados desde modelos/pesos_entrenados.json
[2026-07-03 10:45:44] Reporte de métricas guardado en resultados/reporte_metricas.txt
[2026-07-03 10:45:44] Evaluación completada.
